Build started 12/14/2013 11:21:58 PM.
     1>Project "C:\Users\MrBigSexy\Desktop\LudumDareDec2013\Game\Game\Game.vcxproj" on node 2 (build target(s)).
     1>C:\Program Files (x86)\MSBuild\Microsoft.Cpp\v4.0\Microsoft.CppBuild.targets(299,5): warning MSB8004: Output Directory does not end with a trailing slash.  This build instance will add the slash as it is required to allow proper evaluation of the Output Directory.
     1>InitializeBuildStatus:
         Creating "Debug\Game.unsuccessfulbuild" because "AlwaysCreate" was specified.
       ClCompile:
         C:\Program Files (x86)\Microsoft Visual Studio 10.0\VC\bin\CL.exe /c /ZI /nologo /W3 /WX- /Od /Oy- /D _MBCS /Gm /EHsc /RTC1 /MDd /GS /fp:precise /Zc:wchar_t /Zc:forScope /Fo"Debug\\" /Fd"Debug\vc100.pdb" /Gd /TP /analyze- /errorReport:prompt Source\System\Level.cpp
         Level.cpp
     1>c:\users\mrbigsexy\desktop\ludumdaredec2013\game\game\source\system\level.cpp(29): warning C4091: 'typedef ' : ignored on left of 'BITMAPFILEHEADER' when no variable is declared
     1>c:\users\mrbigsexy\desktop\ludumdaredec2013\game\game\source\system\level.cpp(48): warning C4091: 'typedef ' : ignored on left of 'BITMAPINFOHEADER' when no variable is declared
     1>c:\users\mrbigsexy\desktop\ludumdaredec2013\game\game\source\system\level.cpp(58): warning C4996: 'fopen': This function or variable may be unsafe. Consider using fopen_s instead. To disable deprecation, use _CRT_SECURE_NO_WARNINGS. See online help for details.
                 c:\program files (x86)\microsoft visual studio 10.0\vc\include\stdio.h(234) : see declaration of 'fopen'
       Link:
         C:\Program Files (x86)\Microsoft Visual Studio 10.0\VC\bin\link.exe /ERRORREPORT:PROMPT /OUT:"C:\Users\MrBigSexy\Desktop\LudumDareDec2013\Game\\Output\Game.exe" /NOLOGO liblua52.lib kernel32.lib user32.lib gdi32.lib winspool.lib comdlg32.lib advapi32.lib shell32.lib ole32.lib oleaut32.lib uuid.lib odbc32.lib odbccp32.lib /MANIFEST /ManifestFile:"Debug\Game.exe.intermediate.manifest" /MANIFESTUAC:"level='asInvoker' uiAccess='false'" /DEBUG /PDB:"C:\Users\MrBigSexy\Desktop\LudumDareDec2013\Game\Output\Game.pdb" /SUBSYSTEM:CONSOLE /TLBID:1 /DYNAMICBASE /NXCOMPAT /IMPLIB:"C:\Users\MrBigSexy\Desktop\LudumDareDec2013\Game\\Output\Game.lib" /MACHINE:X86 Debug\Collision.obj
         Debug\Factory.obj
         Debug\GameObject.obj
         Debug\Player.obj
         Debug\InputManager.obj
         Debug\Lua.obj
         Debug\main.obj
         Debug\StateManager.obj
         Debug\Level.obj
         Debug\Meta.obj
         Debug\System.obj
         Debug\Graphics.obj
         glfw3.lib
         glfw3dll.lib
         soil.lib
         LINK : C:\Users\MrBigSexy\Desktop\LudumDareDec2013\Game\\Output\Game.exe not found or not built by the last incremental link; performing full link
     1>LINK : warning LNK4098: defaultlib 'MSVCRT' conflicts with use of other libs; use /NODEFAULTLIB:library
         Game.vcxproj -> C:\Users\MrBigSexy\Desktop\LudumDareDec2013\Game\\Output\Game.exe
       Manifest:
         C:\Program Files (x86)\Microsoft SDKs\Windows\v7.0A\bin\mt.exe /nologo /verbose /outputresource:"C:\Users\MrBigSexy\Desktop\LudumDareDec2013\Game\\Output\Game.exe;#1" /manifest Debug\Game.exe.intermediate.manifest
       FinalizeBuildStatus:
         Deleting file "Debug\Game.unsuccessfulbuild".
         Touching "Debug\Game.lastbuildstate".
     1>Done Building Project "C:\Users\MrBigSexy\Desktop\LudumDareDec2013\Game\Game\Game.vcxproj" (build target(s)).

Build succeeded.

Time Elapsed 00:00:01.68
